<?xml version="1.0" encoding="UTF-8"?>
<!-- Generated by org.testng.reporters.JUnitReportReporter -->
<testsuite skipped="0" hostname="Sandeeps-MacBook-Air.local" name="com.hubspot.qa.testcases.LoginPageTest" tests="4" failures="0" timestamp="25 Nov 2018 19:14:29 GMT" time="19.249" errors="0">
  <testcase name="verifyLoginPageTitleTest" time="4.979" classname="com.hubspot.qa.testcases.LoginPageTest"/>
  <testcase name="verifyForgotPassowrdLinkTest" time="4.616" classname="com.hubspot.qa.testcases.LoginPageTest"/>
  <testcase name="verifySignUpLinkTest" time="4.283" classname="com.hubspot.qa.testcases.LoginPageTest"/>
  <testcase name="loginTest" time="5.371" classname="com.hubspot.qa.testcases.LoginPageTest"/>
</testsuite> <!-- com.hubspot.qa.testcases.LoginPageTest -->
