<?xml version="1.0" encoding="UTF-8"?>
<!-- Generated by org.testng.reporters.JUnitReportReporter -->
<testsuite skipped="0" hostname="Sandeeps-MacBook-Air.local" name="com.hubspot.qa.testcases.ContactsPageTest" tests="5" failures="0" timestamp="25 Nov 2018 19:14:29 GMT" time="108.812" errors="0">
  <testcase name="createContactTest" time="20.781" classname="com.hubspot.qa.testcases.ContactsPageTest"/>
  <testcase name="createContactTest" time="23.324" classname="com.hubspot.qa.testcases.ContactsPageTest"/>
  <testcase name="createContactTest" time="20.888" classname="com.hubspot.qa.testcases.ContactsPageTest"/>
  <testcase name="createContactTest" time="20.638" classname="com.hubspot.qa.testcases.ContactsPageTest"/>
  <testcase name="createContactTest" time="23.181" classname="com.hubspot.qa.testcases.ContactsPageTest"/>
</testsuite> <!-- com.hubspot.qa.testcases.ContactsPageTest -->
