<?xml version="1.0" encoding="UTF-8"?>
<!-- Generated by org.testng.reporters.JUnitReportReporter -->
<testsuite skipped="0" hostname="Sandeeps-MacBook-Air.local" name="com.hubspot.qa.testcases.HomePageTest" tests="4" failures="0" timestamp="25 Nov 2018 19:14:29 GMT" time="43.704" errors="0">
  <testcase name="verifyHomePageTitleTest" time="10.911" classname="com.hubspot.qa.testcases.HomePageTest"/>
  <testcase name="verifyHomePageHeaderTest" time="10.552" classname="com.hubspot.qa.testcases.HomePageTest"/>
  <testcase name="verifyCorrectLoggedInAccountNameTest" time="9.074" classname="com.hubspot.qa.testcases.HomePageTest"/>
  <testcase name="goToContactsPageTest" time="13.167" classname="com.hubspot.qa.testcases.HomePageTest"/>
</testsuite> <!-- com.hubspot.qa.testcases.HomePageTest -->
